<?xml version="1.0" encoding="UTF-8"?>
<testsuite xmlns:xsi="http://www.w3.org/2001/XMLSchema-instance" xsi:noNamespaceSchemaLocation="https://maven.apache.org/surefire/maven-surefire-plugin/xsd/surefire-test-report.xsd" version="3.0.2" name="com.jpomm.schedulerbase.SchedulerBaseApplicationTests" time="1.347" tests="1" errors="0" skipped="0" failures="0">
  <properties>
[...]
</properties>
  <testcase name="contextLoads" classname="com.jpomm.schedulerbase.SchedulerBaseApplicationTests" time="0.328">
    <system-out><![CDATA[21:43:55.223 [main] INFO org.springframework.test.context.support.AnnotationConfigContextLoaderUtils -- Could not detect default configuration classes for test class [com.jpomm.schedulerbase.SchedulerBaseApplicationTests]: SchedulerBaseApplicationTests does not declare any static, non-private, non-final, nested classes annotated with @Configuration.
21:43:55.267 [main] INFO org.springframework.boot.test.context.SpringBootTestContextBootstrapper -- Found @SpringBootConfiguration com.jpomm.schedulerbase.SchedulerBaseApplication for test class com.jpomm.schedulerbase.SchedulerBaseApplicationTests

  .   ____          _            __ _ _
 /\\ / ___'_ __ _ _(_)_ __  __ _ \ \ \ \
( ( )\___ | '_ | '_| | '_ \/ _` | \ \ \ \
 \\/  ___)| |_)| | | | | || (_| |  ) ) ) )
  '  |____| .__|_| |_|_| |_\__, | / / / /
 =========|_|==============|___/=/_/_/_/

 :: Spring Boot ::                (v3.4.5)

2026-02-12T21:43:55.423-05:00  INFO 58183 --- [scheduler-base] [           main] c.j.s.SchedulerBaseApplicationTests      : Starting SchedulerBaseApplicationTests using Java 17.0.12 with PID 58183 (started by johnpaulmanchegomedina in /Users/johnpaulmanchegomedina/Documents/PROYECTOS/TRABAJO/UVICAR/NUEVOS-SERVICIOS-2026/UVICAR_2026_SCHEDULE)
2026-02-12T21:43:55.423-05:00  INFO 58183 --- [scheduler-base] [           main] c.j.s.SchedulerBaseApplicationTests      : No active profile set, falling back to 1 default profile: "default"
2026-02-12T21:43:56.136-05:00  INFO 58183 --- [scheduler-base] [           main] o.s.b.a.e.web.EndpointLinksResolver      : Exposing 2 endpoints beneath base path '/actuator'
2026-02-12T21:43:56.167-05:00  INFO 58183 --- [scheduler-base] [           main] c.j.s.SchedulerBaseApplicationTests      : Started SchedulerBaseApplicationTests in 0.844 seconds (process running for 1.175)
]]></system-out>
  </testcase>
</testsuite>